# JRE version: OpenJDK Runtime Environment (17.0.5+8) (build 17.0.5+8-Ubuntu-2ubuntu122.04)
# Java VM: OpenJDK 64-Bit Server VM (17.0.5+8-Ubuntu-2ubuntu122.04, mixed mode, sharing, tiered, compressed oops, compressed class ptrs, g1 gc, linux-amd64)
GC Precious Log:
 CPUs: 6 total, 6 available
 Memory: 15919M
 Large Page Support: Disabled
 NUMA Support: Disabled
 Compressed Oops: Enabled (Zero based)
 Heap Region Size: 2M
 Heap Min Capacity: 8M
 Heap Initial Capacity: 250M
 Heap Max Capacity: 3980M
 Pre-touch: Disabled
 Parallel Workers: 6
 Concurrent Workers: 2
 Concurrent Refinement Workers: 6
 Periodic GC: Disabled
Heap:
 garbage-first heap   total 282624K, used 107118K [0x0000000707400000, 0x0000000800000000)
  region size 2048K, 11 young (22528K), 2 survivors (4096K)
 Metaspace       used 46172K, committed 46912K, reserved 1097728K
  class space    used 4936K, committed 5248K, reserved 1048576K
GC Heap History (20 events):
Event: 1,381 GC heap before
{Heap before GC invocations=7 (full 0):
 garbage-first heap   total 61440K, used 44262K [0x0000000707400000, 0x0000000800000000)
  region size 2048K, 13 young (26624K), 2 survivors (4096K)
 Metaspace       used 30036K, committed 30720K, reserved 1081344K
  class space    used 3089K, committed 3392K, reserved 1048576K
}
Event: 1,384 GC heap after
{Heap after GC invocations=8 (full 0):
 garbage-first heap   total 159744K, used 23902K [0x0000000707400000, 0x0000000800000000)
  region size 2048K, 2 young (4096K), 2 survivors (4096K)
 Metaspace       used 30036K, committed 30720K, reserved 1081344K
  class space    used 3089K, committed 3392K, reserved 1048576K
}
Event: 1,598 GC heap before
{Heap before GC invocations=8 (full 0):
 garbage-first heap   total 159744K, used 107870K [0x0000000707400000, 0x0000000800000000)
  region size 2048K, 43 young (88064K), 2 survivors (4096K)
 Metaspace       used 32082K, committed 32768K, reserved 1081344K
  class space    used 3299K, committed 3648K, reserved 1048576K
}
Event: 1,604 GC heap after
{Heap after GC invocations=9 (full 0):
 garbage-first heap   total 159744K, used 29576K [0x0000000707400000, 0x0000000800000000)
  region size 2048K, 4 young (8192K), 4 survivors (8192K)
 Metaspace       used 32082K, committed 32768K, reserved 1081344K
  class space    used 3299K, committed 3648K, reserved 1048576K
}
Event: 1,675 GC heap before
{Heap before GC invocations=9 (full 0):
 garbage-first heap   total 159744K, used 45960K [0x0000000707400000, 0x0000000800000000)
  region size 2048K, 14 young (28672K), 4 survivors (8192K)
 Metaspace       used 35405K, committed 36160K, reserved 1089536K
  class space    used 3608K, committed 3968K, reserved 1048576K
}
Event: 1,679 GC heap after
{Heap after GC invocations=10 (full 0):
 garbage-first heap   total 159744K, used 30453K [0x0000000707400000, 0x0000000800000000)
  region size 2048K, 4 young (8192K), 4 survivors (8192K)
 Metaspace       used 35405K, committed 36160K, reserved 1089536K
  class space    used 3608K, committed 3968K, reserved 1048576K
}
Event: 1,987 GC heap before
{Heap before GC invocations=11 (full 0):
 garbage-first heap   total 122880K, used 100085K [0x0000000707400000, 0x0000000800000000)
  region size 2048K, 38 young (77824K), 4 survivors (8192K)
 Metaspace       used 43338K, committed 44096K, reserved 1089536K
  class space    used 4608K, committed 4928K, reserved 1048576K
}
Event: 1,990 GC heap after
{Heap after GC invocations=12 (full 0):
 garbage-first heap   total 122880K, used 32701K [0x0000000707400000, 0x0000000800000000)
  region size 2048K, 2 young (4096K), 2 survivors (4096K)
 Metaspace       used 43338K, committed 44096K, reserved 1089536K
  class space    used 4608K, committed 4928K, reserved 1048576K
}
Event: 2,197 GC heap before
{Heap before GC invocations=12 (full 0):
 garbage-first heap   total 122880K, used 94141K [0x0000000707400000, 0x0000000800000000)
  region size 2048K, 32 young (65536K), 2 survivors (4096K)
 Metaspace       used 46104K, committed 46848K, reserved 1097728K
  class space    used 4932K, committed 5248K, reserved 1048576K
}
Event: 2,202 GC heap after
{Heap after GC invocations=13 (full 0):
 garbage-first heap   total 122880K, used 44389K [0x0000000707400000, 0x0000000800000000)
  region size 2048K, 4 young (8192K), 4 survivors (8192K)
 Metaspace       used 46104K, committed 46848K, reserved 1097728K
  class space    used 4932K, committed 5248K, reserved 1048576K
}
Event: 2,308 GC heap before
{Heap before GC invocations=13 (full 0):
 garbage-first heap   total 122880K, used 89445K [0x0000000707400000, 0x0000000800000000)
  region size 2048K, 26 young (53248K), 4 survivors (8192K)
 Metaspace       used 46117K, committed 46912K, reserved 1097728K
  class space    used 4933K, committed 5248K, reserved 1048576K
}
Event: 2,314 GC heap after
{Heap after GC invocations=14 (full 0):
 garbage-first heap   total 159744K, used 55599K [0x0000000707400000, 0x0000000800000000)
  region size 2048K, 4 young (8192K), 4 survivors (8192K)
 Metaspace       used 46117K, committed 46912K, reserved 1097728K
  class space    used 4933K, committed 5248K, reserved 1048576K
}
Event: 2,476 GC heap before
{Heap before GC invocations=14 (full 0):
 garbage-first heap   total 159744K, used 114991K [0x0000000707400000, 0x0000000800000000)
  region size 2048K, 33 young (67584K), 4 survivors (8192K)
 Metaspace       used 46121K, committed 46912K, reserved 1097728K
  class space    used 4933K, committed 5248K, reserved 1048576K
}
Event: 2,484 GC heap after
{Heap after GC invocations=15 (full 0):
 garbage-first heap   total 159744K, used 69458K [0x0000000707400000, 0x0000000800000000)
  region size 2048K, 5 young (10240K), 5 survivors (10240K)
 Metaspace       used 46121K, committed 46912K, reserved 1097728K
  class space    used 4933K, committed 5248K, reserved 1048576K
}
Event: 2,584 GC heap before
{Heap before GC invocations=15 (full 0):
 garbage-first heap   total 159744K, used 114514K [0x0000000707400000, 0x0000000800000000)
  region size 2048K, 27 young (55296K), 5 survivors (10240K)
 Metaspace       used 46139K, committed 46912K, reserved 1097728K
  class space    used 4936K, committed 5248K, reserved 1048576K
}
Event: 2,591 GC heap after
{Heap after GC invocations=16 (full 0):
 garbage-first heap   total 159744K, used 80836K [0x0000000707400000, 0x0000000800000000)
  region size 2048K, 4 young (8192K), 4 survivors (8192K)
 Metaspace       used 46139K, committed 46912K, reserved 1097728K
  class space    used 4936K, committed 5248K, reserved 1048576K
}
Event: 2,634 GC heap before
{Heap before GC invocations=16 (full 0):
 garbage-first heap   total 159744K, used 117700K [0x0000000707400000, 0x0000000800000000)
  region size 2048K, 22 young (45056K), 4 survivors (8192K)
 Metaspace       used 46162K, committed 46912K, reserved 1097728K
  class space    used 4936K, committed 5248K, reserved 1048576K
}
Event: 2,639 GC heap after
{Heap after GC invocations=17 (full 0):
 garbage-first heap   total 159744K, used 86847K [0x0000000707400000, 0x0000000800000000)
  region size 2048K, 3 young (6144K), 3 survivors (6144K)
 Metaspace       used 46162K, committed 46912K, reserved 1097728K
  class space    used 4936K, committed 5248K, reserved 1048576K
}
Event: 2,681 GC heap before
{Heap before GC invocations=17 (full 0):
 garbage-first heap   total 159744K, used 119615K [0x0000000707400000, 0x0000000800000000)
  region size 2048K, 19 young (38912K), 3 survivors (6144K)
 Metaspace       used 46162K, committed 46912K, reserved 1097728K
  class space    used 4936K, committed 5248K, reserved 1048576K
}
Event: 2,684 GC heap after
{Heap after GC invocations=18 (full 0):
 garbage-first heap   total 282624K, used 90734K [0x0000000707400000, 0x0000000800000000)
  region size 2048K, 2 young (4096K), 2 survivors (4096K)
 Metaspace       used 46162K, committed 46912K, reserved 1097728K
  class space    used 4936K, committed 5248K, reserved 1048576K
}

